Build started 25/03/2014 03:59:04.
     1>Project "C:\of_v0.7.4_vs2010_release\addons\ofxKinectNui\example\kinectNuiExample.vcxproj" on node 2 (build target(s)).
     1>InitializeBuildStatus:
         Creating "obj\Debug\kinectNuiExample.unsuccessfulbuild" because "AlwaysCreate" was specified.
       ClCompile:
         C:\Program Files (x86)\Microsoft Visual Studio 10.0\VC\bin\CL.exe /c /I..\..\..\libs\openFrameworks /I..\..\..\libs\openFrameworks\graphics /I..\..\..\libs\openFrameworks\app /I..\..\..\libs\openFrameworks\sound /I..\..\..\libs\openFrameworks\utils /I..\..\..\libs\openFrameworks\communication /I..\..\..\libs\openFrameworks\video /I..\..\..\libs\openFrameworks\math /I..\..\..\libs\openFrameworks\types /I..\..\..\libs\openFrameworks\events /I..\..\..\libs\glut\include /I..\..\..\libs\rtAudio\include /I..\..\..\libs\quicktime\include /I..\..\..\libs\freetype\include /I..\..\..\libs\freetype\include\freetype2 /I..\..\..\libs\freeImage\include /I..\..\..\libs\fmodex\include /I..\..\..\libs\videoInput\include /I..\..\..\libs\glew\include\ /I..\..\..\libs\glu\include /I..\..\..\libs\poco\include /I..\..\..\addons /I..\..\..\libs\openFrameworks\gl /I..\..\..\libs\openFrameworks\3d /I..\..\..\libs\tess2\include /I..\..\..\libs\cairo\include\cairo /I"C:\Program Files\Microsoft SDKs\Kinect\v1.7\\inc" /I..\..\..\addons\ofxKinectNui\src /ZI /nologo /W3 /WX- /Od /Oy- /D WIN32 /D _DEBUG /D _CONSOLE /D POCO_STATIC /D CAIRO_WIN32_STATIC_BUILD /D DISABLE_SOME_FLOATING_POINT /D _UNICODE /D UNICODE /Gm /EHsc /RTC1 /MDd /GS /fp:precise /Zc:wchar_t /Zc:forScope /Fo"obj\Debug\\" /Fd"obj\Debug\vc100.pdb" /Gd /TP /analyze- /errorReport:prompt ..\..\..\addons\ofxKinectNui\src\kinect\nui\ImageFrame.cpp ..\..\..\addons\ofxKinectNui\src\kinect\nui\ImageStream.cpp ..\..\..\addons\ofxKinectNui\src\kinect\nui\Kinect.cpp ..\..\..\addons\ofxKinectNui\src\kinect\nui\SkeletonEngine.cpp ..\..\..\addons\ofxKinectNui\src\kinect\nui\SkeletonFrame.cpp ..\..\..\addons\ofxKinectNui\src\ofxKinectNui.cpp ..\..\..\addons\ofxKinectNui\src\ofxKinectNuiPlayer.cpp ..\..\..\addons\ofxKinectNui\src\ofxKinectNuiRecorder.cpp ..\..\..\addons\ofxKinectNui\src\win32\Event.cpp ..\src\kinect\nui\AudioStream.cpp ..\src\kinect\nui\KinectContext.cpp ..\src\ofxKinectNuiDraw.cpp src\main.cpp src\testApp.cpp
         testApp.cpp
     1>c:\of_v0.7.4_vs2010_release\libs\openframeworks\graphics\ofpixels.h(155): warning C4003: not enough actual parameters for macro 'max'
     1>c:\of_v0.7.4_vs2010_release\libs\openframeworks\graphics\ofpixels.h(156): warning C4003: not enough actual parameters for macro 'max'
         main.cpp
     1>c:\of_v0.7.4_vs2010_release\libs\openframeworks\graphics\ofpixels.h(155): warning C4003: not enough actual parameters for macro 'max'
     1>c:\of_v0.7.4_vs2010_release\libs\openframeworks\graphics\ofpixels.h(156): warning C4003: not enough actual parameters for macro 'max'
         ofxKinectNuiDraw.cpp
     1>c:\of_v0.7.4_vs2010_release\libs\openframeworks\graphics\ofpixels.h(155): warning C4003: not enough actual parameters for macro 'max'
     1>c:\of_v0.7.4_vs2010_release\libs\openframeworks\graphics\ofpixels.h(156): warning C4003: not enough actual parameters for macro 'max'
         KinectContext.cpp
         AudioStream.cpp
         Event.cpp
         ofxKinectNuiRecorder.cpp
     1>c:\of_v0.7.4_vs2010_release\libs\openframeworks\graphics\ofpixels.h(155): warning C4003: not enough actual parameters for macro 'max'
     1>c:\of_v0.7.4_vs2010_release\libs\openframeworks\graphics\ofpixels.h(156): warning C4003: not enough actual parameters for macro 'max'
         ofxKinectNuiPlayer.cpp
     1>c:\of_v0.7.4_vs2010_release\libs\openframeworks\graphics\ofpixels.h(155): warning C4003: not enough actual parameters for macro 'max'
     1>c:\of_v0.7.4_vs2010_release\libs\openframeworks\graphics\ofpixels.h(156): warning C4003: not enough actual parameters for macro 'max'
         ofxKinectNui.cpp
     1>c:\of_v0.7.4_vs2010_release\libs\openframeworks\graphics\ofpixels.h(155): warning C4003: not enough actual parameters for macro 'max'
     1>c:\of_v0.7.4_vs2010_release\libs\openframeworks\graphics\ofpixels.h(156): warning C4003: not enough actual parameters for macro 'max'
         SkeletonFrame.cpp
         SkeletonEngine.cpp
         Kinect.cpp
         ImageStream.cpp
         ImageFrame.cpp
         Generating Code...
       ManifestResourceCompile:
         C:\Program Files (x86)\Microsoft SDKs\Windows\v7.0A\bin\rc.exe /nologo /fo"obj\Debug\kinectNuiExample_debug.exe.embed.manifest.res" obj\Debug\kinectNuiExample_debug_manifest.rc 
       Link:
         C:\Program Files (x86)\Microsoft Visual Studio 10.0\VC\bin\link.exe /ERRORREPORT:PROMPT /OUT:"bin\kinectNuiExample_debug.exe" /INCREMENTAL /NOLOGO /LIBPATH:..\..\..\libs\glut\lib\vs2010 /LIBPATH:..\..\..\libs\rtAudio\lib\vs2010 /LIBPATH:..\..\..\libs\FreeImage\lib\vs2010 /LIBPATH:..\..\..\libs\freetype\lib\vs2010 /LIBPATH:..\..\..\libs\quicktime\lib\vs2010 /LIBPATH:..\..\..\libs\fmodex\lib\vs2010 /LIBPATH:..\..\..\libs\videoInput\lib\vs2010 /LIBPATH:..\..\..\libs\cairo\lib\vs2010 /LIBPATH:..\..\..\libs\glew\lib\vs2010 /LIBPATH:..\..\..\libs\glu\lib\vs2010 /LIBPATH:..\..\..\libs\Poco\lib\vs2010 /LIBPATH:..\..\..\libs\tess2\lib\vs2010 /LIBPATH:..\..\..\libs\openFrameworksCompiled\lib\vs2010 /LIBPATH:"C:\Program Files\Microsoft SDKs\Kinect\v1.7\\lib\x86" openframeworksLibDebug.lib "cairo-static.lib" "pixman-1.lib" msimg32.lib OpenGL32.lib GLu32.lib kernel32.lib setupapi.lib Vfw32.lib comctl32.lib glut32.lib rtAudioD.lib videoInput.lib libfreetype.lib FreeImage.lib qtmlClient.lib dsound.lib user32.lib gdi32.lib winspool.lib comdlg32.lib advapi32.lib shell32.lib ole32.lib oleaut32.lib uuid.lib glew32s.lib fmodex_vc.lib glu32.lib PocoFoundationmdd.lib PocoNetmdd.lib PocoUtilmdd.lib PocoXMLmdd.lib Ws2_32.lib tess2.lib Kinect10.lib msdmo.lib dmoguids.lib amstrmid.lib WinMM.Lib /NODEFAULTLIB:atlthunk.lib /NODEFAULTLIB:LIBC.lib /NODEFAULTLIB:LIBCMT /MANIFEST /ManifestFile:"obj\Debug\kinectNuiExample_debug.exe.intermediate.manifest" /MANIFESTUAC:"level='asInvoker' uiAccess='false'" /DEBUG /PDB:"C:\of_v0.7.4_vs2010_release\addons\ofxKinectNui\example\bin\kinectNuiExample_debug_debugInfo.pdb" /SUBSYSTEM:CONSOLE /HEAP:"100000000","100000000" /TLBID:1 /DYNAMICBASE:NO /IMPLIB:"bin\kinectNuiExample_debug.lib" /MACHINE:X86 obj\Debug\kinectNuiExample_debug.exe.embed.manifest.res
         obj\Debug\ImageFrame.obj
         obj\Debug\ImageStream.obj
         obj\Debug\Kinect.obj
         obj\Debug\SkeletonEngine.obj
         obj\Debug\SkeletonFrame.obj
         obj\Debug\ofxKinectNui.obj
         obj\Debug\ofxKinectNuiPlayer.obj
         obj\Debug\ofxKinectNuiRecorder.obj
         obj\Debug\Event.obj
         obj\Debug\AudioStream.obj
         obj\Debug\KinectContext.obj
         obj\Debug\ofxKinectNuiDraw.obj
         obj\Debug\main.obj
         obj\Debug\testApp.obj
         C:\of_v0.7.4_vs2010_release\libs\openFrameworksCompiled\lib\vs2010\openframeworksLibDebug.lib
            Creating library bin\kinectNuiExample_debug.lib and object bin\kinectNuiExample_debug.exp
     1>LINK : warning LNK4098: defaultlib 'MSVCRT' conflicts with use of other libs; use /NODEFAULTLIB:library
     1>LINK : fatal error LNK1123: failure during conversion to COFF: file invalid or corrupt
     1>Done Building Project "C:\of_v0.7.4_vs2010_release\addons\ofxKinectNui\example\kinectNuiExample.vcxproj" (build target(s)) -- FAILED.

Build FAILED.

Time Elapsed 00:00:20.40
