Build started 25/03/2014 14:33:49.
     1>Project "C:\of_v0.7.4_vs2010_release\apps\JaguarSkills\JagSkills\emptyExample.vcxproj" on node 2 (build target(s)).
     1>InitializeBuildStatus:
         Touching "obj\Release\emptyExample.unsuccessfulbuild".
       ClCompile:
         C:\Program Files (x86)\Microsoft Visual Studio 10.0\VC\bin\CL.exe /c /I..\..\..\libs\openFrameworks /I..\..\..\libs\openFrameworks\graphics /I..\..\..\libs\openFrameworks\app /I..\..\..\libs\openFrameworks\sound /I..\..\..\libs\openFrameworks\utils /I..\..\..\libs\openFrameworks\communication /I..\..\..\libs\openFrameworks\video /I..\..\..\libs\openFrameworks\types /I..\..\..\libs\openFrameworks\math /I..\..\..\libs\openFrameworks\3d /I..\..\..\libs\openFrameworks\gl /I..\..\..\libs\openFrameworks\events /I..\..\..\libs\glut\include /I..\..\..\libs\rtAudio\include /I..\..\..\libs\quicktime\include /I..\..\..\libs\freetype\include /I..\..\..\libs\freetype\include\freetype2 /I..\..\..\libs\freeImage\include /I..\..\..\libs\fmodex\include /I..\..\..\libs\videoInput\include /I..\..\..\libs\glew\include\ /I..\..\..\libs\glu\include /I..\..\..\libs\tess2\include /I..\..\..\libs\cairo\include\cairo /I..\..\..\libs\poco\include /I..\..\..\addons /Isrc /Isrc\gui /Isrc\kinect /Isrc\kinect\ofxKinectPlayback\src /Isrc\scene /Isrc\scene\body /I..\..\..\addons\ofxUI\src /I..\..\..\addons\ofxAssimpModelLoader\libs /I..\..\..\addons\ofxAssimpModelLoader\libs\assimp /I..\..\..\addons\ofxAssimpModelLoader\libs\assimp\include /I..\..\..\addons\ofxAssimpModelLoader\libs\assimp\include\Compiler /I..\..\..\addons\ofxAssimpModelLoader\libs\assimp\lib /I..\..\..\addons\ofxAssimpModelLoader\libs\assimp\lib\vs2010 /I..\..\..\addons\ofxAssimpModelLoader\src /I..\..\..\addons\ofxXmlSettings\libs /I..\..\..\addons\ofxXmlSettings\src /I"C:\Program Files\Microsoft SDKs\Kinect\v1.7\inc" /I..\..\..\addons\ofxKinectNui\src /nologo /W3 /WX- /O2 /Oy- /D WIN32 /D NDEBUG /D _CONSOLE /D POCO_STATIC /D CAIRO_WIN32_STATIC_BUILD /D DISABLE_SOME_FLOATING_POINT /D _UNICODE /D UNICODE /Gm- /EHsc /MD /GS /fp:precise /Zc:wchar_t /Zc:forScope /Fo"obj\Release\\" /Fd"obj\Release\vc100.pdb" /Gd /TP /analyze- /errorReport:prompt ..\..\..\addons\ofxKinectNui\src\ofxKinectNuiDraw.cpp
         ofxKinectNuiDraw.cpp
     1>..\..\..\libs\openFrameworks\graphics\ofPixels.h(155): warning C4003: not enough actual parameters for macro 'max'
     1>..\..\..\libs\openFrameworks\graphics\ofPixels.h(156): warning C4003: not enough actual parameters for macro 'max'
       Link:
         C:\Program Files (x86)\Microsoft Visual Studio 10.0\VC\bin\link.exe /ERRORREPORT:PROMPT /OUT:"bin\emptyExample.exe" /INCREMENTAL:NO /NOLOGO /LIBPATH:..\..\..\libs\glut\lib\vs2010 /LIBPATH:..\..\..\libs\rtAudio\lib\vs2010 /LIBPATH:..\..\..\libs\FreeImage\lib\vs2010 /LIBPATH:..\..\..\libs\freetype\lib\vs2010 /LIBPATH:..\..\..\libs\quicktime\lib\vs2010 /LIBPATH:..\..\..\libs\fmodex\lib\vs2010 /LIBPATH:..\..\..\libs\videoInput\lib\vs2010 /LIBPATH:..\..\..\libs\cairo\lib\vs2010 /LIBPATH:..\..\..\libs\glew\lib\vs2010 /LIBPATH:..\..\..\libs\glu\lib\vs2010 /LIBPATH:..\..\..\libs\Poco\lib\vs2010 /LIBPATH:..\..\..\libs\tess2\lib\vs2010 /LIBPATH:..\..\..\addons\ofxAssimpModelLoader\libs\assimp\lib\vs2010 /LIBPATH:"C:\Program Files\Microsoft SDKs\Kinect\v1.7\lib\x86" "cairo-static.lib" "pixman-1.lib" msimg32.lib OpenGL32.lib GLu32.lib kernel32.lib setupapi.lib Vfw32.lib comctl32.lib glut32.lib rtAudioD.lib videoInput.lib libfreetype.lib FreeImage.lib qtmlClient.lib dsound.lib user32.lib gdi32.lib winspool.lib comdlg32.lib advapi32.lib shell32.lib ole32.lib oleaut32.lib uuid.lib glew32s.lib fmodex_vc.lib glu32.lib PocoFoundationmd.lib PocoNetmd.lib PocoUtilmd.lib PocoXMLmd.lib Ws2_32.lib tess2.lib kernel32.lib user32.lib gdi32.lib winspool.lib comdlg32.lib advapi32.lib shell32.lib ole32.lib oleaut32.lib uuid.lib odbc32.lib odbccp32.lib assimp.lib Kinect10.lib /NODEFAULTLIB:PocoFoundationd.lib /NODEFAULTLIB:atlthunk.lib /NODEFAULTLIB:LIBC.lib /NODEFAULTLIB:LIBCMT /MANIFEST /ManifestFile:"obj\Release\emptyExample.exe.intermediate.manifest" /MANIFESTUAC:"level='asInvoker' uiAccess='false'" /PDB:"C:\of_v0.7.4_vs2010_release\apps\JaguarSkills\JagSkills\bin\emptyExample.pdb" /SUBSYSTEM:CONSOLE /OPT:REF /OPT:ICF /TLBID:1 /DYNAMICBASE:NO /IMPLIB:"bin\emptyExample.lib" /MACHINE:X86 obj\Release\ofxAssimpAnimation.obj
         obj\Release\ofxAssimpMeshHelper.obj
         obj\Release\ofxAssimpModelLoader.obj
         obj\Release\AudioStream.obj
         obj\Release\ImageFrame.obj
         obj\Release\ImageStream.obj
         obj\Release\Kinect.obj
         obj\Release\KinectContext.obj
         obj\Release\SkeletonEngine.obj
         obj\Release\SkeletonFrame.obj
         obj\Release\ofxKinectNui.obj
         obj\Release\ofxKinectNuiDraw.obj
         obj\Release\ofxKinectNuiPlayer.obj
         obj\Release\ofxKinectNuiRecorder.obj
         obj\Release\ofxKinectNuiSoundRecorder.obj
         obj\Release\Event.obj
         obj\Release\tinyxml.obj
         obj\Release\tinyxmlerror.obj
         obj\Release\tinyxmlparser.obj
         obj\Release\ofxXmlSettings.obj
         obj\Release\GUI.obj
         obj\Release\GUIManager.obj
         obj\Release\KinectManager.obj
         obj\Release\ofxSkeletonRecorder.obj
         obj\Release\main.obj
         obj\Release\Abdomen.obj
         obj\Release\BodyPart.obj
         obj\Release\Forearm.obj
         obj\Release\Hand.obj
         obj\Release\Legs.obj
         obj\Release\Torso.obj
         obj\Release\UpperArm.obj
         obj\Release\Scene.obj
         obj\Release\testApp.obj
         C:\of_v0.7.4_vs2010_release\libs\openFrameworksCompiled\lib\vs2010\openframeworksLib.lib
            Creating library bin\emptyExample.lib and object bin\emptyExample.exp
     1>AudioStream.obj : error LNK2019: unresolved external symbol _IID_IMediaBuffer referenced in function "public: virtual long __stdcall kinect::nui::StaticMediaBuffer::QueryInterface(struct _GUID const &,void * *)" (?QueryInterface@StaticMediaBuffer@nui@kinect@@UAGJABU_GUID@@PAPAX@Z)
     1>AudioStream.obj : error LNK2019: unresolved external symbol _MoFreeMediaType@4 referenced in function "public: void __thiscall kinect::nui::AudioStream::Open(enum kinect::nui::AEC_SYSTEM_MODE)" (?Open@AudioStream@nui@kinect@@QAEXW4AEC_SYSTEM_MODE@23@@Z)
     1>AudioStream.obj : error LNK2019: unresolved external symbol _MoInitMediaType@8 referenced in function "public: void __thiscall kinect::nui::AudioStream::Open(enum kinect::nui::AEC_SYSTEM_MODE)" (?Open@AudioStream@nui@kinect@@QAEXW4AEC_SYSTEM_MODE@23@@Z)
     1>AudioStream.obj : error LNK2019: unresolved external symbol _IID_IMediaObject referenced in function "public: void __thiscall kinect::nui::AudioStream::Open(enum kinect::nui::AEC_SYSTEM_MODE)" (?Open@AudioStream@nui@kinect@@QAEXW4AEC_SYSTEM_MODE@23@@Z)
     1>bin\emptyExample.exe : fatal error LNK1120: 4 unresolved externals
     1>Done Building Project "C:\of_v0.7.4_vs2010_release\apps\JaguarSkills\JagSkills\emptyExample.vcxproj" (build target(s)) -- FAILED.

Build FAILED.

Time Elapsed 00:00:01.22
